<?xml version="1.0" encoding="UTF-8"?>
<!-- Generated by org.testng.reporters.JUnitReportReporter -->
<testsuite hostname="LIN-5CD5329NY4" failures="0" tests="3" name="Sample.Data" time="0.015" errors="0" timestamp="2025-10-17T16:58:25 IST" skipped="0">
  <testcase classname="Sample.Data" name="f" time="0.001"/>
  <testcase classname="Sample.Data" name="f" time="0.001"/>
  <testcase classname="Sample.Data" name="f" time="0.013"/>
</testsuite> <!-- Sample.Data -->
