<?xml version="1.0" encoding="UTF-8"?>
<!-- Generated by org.testng.reporters.JUnitReportReporter -->
<testsuite hostname="LIN-5CD5329NY4" failures="0" tests="5" name="Sample.NewTest" time="0.009" errors="0" timestamp="2025-10-17T10:22:37 IST" skipped="0">
  <testcase classname="Sample.NewTest" name="B" time="0.003"/>
  <testcase classname="Sample.NewTest" name="D" time="0.001"/>
  <testcase classname="Sample.NewTest" name="A" time="0.002"/>
  <testcase classname="Sample.NewTest" name="E" time="0.001"/>
  <testcase classname="Sample.NewTest" name="C" time="0.002"/>
</testsuite> <!-- Sample.NewTest -->
