<?xml version="1.0" encoding="UTF-8"?>
<!-- Generated by org.testng.reporters.JUnitReportReporter -->
<testsuite hostname="LIN-5CD5329NY4" failures="0" tests="2" name="TestCase.UserInteraction" time="9.059" errors="0" timestamp="2025-10-21T15:29:43 IST" skipped="1">
  <testcase classname="TestCase.UserInteraction" name="login" time="9.059"/>
  <testcase classname="TestCase.UserInteraction" name="verifyRegister">
    <skipped/>
  </testcase> <!-- verifyRegister -->
</testsuite> <!-- TestCase.UserInteraction -->
