<?xml version="1.0" encoding="UTF-8"?>
<!-- Generated by org.testng.reporters.JUnitReportReporter -->
<testsuite hostname="LIN-5CD5329NY4" failures="0" tests="2" name="Sample.AnnotationDemo" time="8.124" errors="0" timestamp="2025-10-17T10:22:37 IST" skipped="0">
  <testcase classname="Sample.AnnotationDemo" name="loginFC" time="8.069"/>
  <testcase classname="Sample.AnnotationDemo" name="verifySignOn" time="0.055"/>
</testsuite> <!-- Sample.AnnotationDemo -->
