<?xml version="1.0" encoding="UTF-8"?>
<!-- Generated by org.testng.reporters.JUnitReportReporter -->
<testsuite hostname="LIN-5CD5329NY4" failures="0" tests="3" name="Com.Gmail.Users.TestCases.TestRunner" time="31.037" errors="0" timestamp="2025-10-29T17:22:53 IST" skipped="0">
  <testcase classname="Com.Gmail.Users.TestCases.TestRunner" name="runScenario" time="9.983"/>
  <testcase classname="Com.Gmail.Users.TestCases.TestRunner" name="runScenario" time="9.787"/>
  <testcase classname="Com.Gmail.Users.TestCases.TestRunner" name="runScenario" time="11.267"/>
</testsuite> <!-- Com.Gmail.Users.TestCases.TestRunner -->
